<?xml version="1.0" encoding="UTF-8"?>
<!-- Generated by org.testng.reporters.JUnitReportReporter -->
<testsuite hostname="pk-PC" failures="0" tests="3" name="base.SwagLabs" time="51.624" errors="0" timestamp="01 Dec 2021 13:11:59 GMT" skipped="0">
  <testcase classname="base.SwagLabs" name="VerifyCart" time="17.345"/>
  <testcase classname="base.SwagLabs" name="Login" time="14.462"/>
  <testcase classname="base.SwagLabs" name="GetCart" time="19.817"/>
</testsuite> <!-- base.SwagLabs -->
