<?xml version="1.0" encoding="UTF-8"?>
<!-- Generated by org.testng.reporters.JUnitReportReporter -->
<testsuite hostname="pk-PC" failures="0" tests="3" name="base.SwagLabs" time="26.450" errors="0" timestamp="01 Dec 2021 11:18:29 GMT" skipped="0">
  <testcase classname="base.SwagLabs" name="VerifyCart" time="8.925"/>
  <testcase classname="base.SwagLabs" name="Login" time="7.460"/>
  <testcase classname="base.SwagLabs" name="GetCart" time="10.065"/>
</testsuite> <!-- base.SwagLabs -->
